<?xml version="1.0" encoding="UTF-8"?>
<coverage generated="1773724826395" clover="3.2.0">
  <project timestamp="1773724826395" name="All files">
    <metrics statements="40" coveredstatements="33" conditionals="21" coveredconditionals="16" methods="6" coveredmethods="3" elements="67" coveredelements="52" complexity="0" loc="40" ncloc="40" packages="1" files="1" classes="1"/>
    <file name="mcpServer.ts" path="/Users/jay/LocalProjects/assa-core-ts/packages/core/src/hooks/mcpServer.ts">
      <metrics statements="40" coveredstatements="33" conditionals="21" coveredconditionals="16" methods="6" coveredmethods="3"/>
      <line num="1" count="1" type="stmt"/>
      <line num="2" count="1" type="stmt"/>
      <line num="3" count="1" type="stmt"/>
      <line num="7" count="1" type="stmt"/>
      <line num="9" count="1" type="stmt"/>
      <line num="15" count="1" type="stmt"/>
      <line num="20" count="6" type="stmt"/>
      <line num="32" count="6" type="stmt"/>
      <line num="33" count="6" type="stmt"/>
      <line num="37" count="6" type="stmt"/>
      <line num="111" count="6" type="stmt"/>
      <line num="112" count="5" type="stmt"/>
      <line num="114" count="5" type="stmt"/>
      <line num="115" count="5" type="cond" truecount="5" falsecount="0"/>
      <line num="117" count="1" type="stmt"/>
      <line num="118" count="1" type="cond" truecount="2" falsecount="0"/>
      <line num="119" count="1" type="cond" truecount="2" falsecount="0"/>
      <line num="120" count="1" type="cond" truecount="1" falsecount="1"/>
      <line num="121" count="1" type="cond" truecount="1" falsecount="1"/>
      <line num="123" count="1" type="stmt"/>
      <line num="130" count="1" type="stmt"/>
      <line num="141" count="1" type="stmt"/>
      <line num="142" count="1" type="stmt"/>
      <line num="143" count="1" type="stmt"/>
      <line num="149" count="1" type="cond" truecount="1" falsecount="1"/>
      <line num="151" count="1" type="stmt"/>
      <line num="154" count="1" type="stmt"/>
      <line num="160" count="1" type="cond" truecount="1" falsecount="1"/>
      <line num="161" count="1" type="stmt"/>
      <line num="162" count="1" type="stmt"/>
      <line num="173" count="1" type="stmt"/>
      <line num="176" count="1" type="stmt"/>
      <line num="185" count="0" type="stmt"/>
      <line num="186" count="0" type="stmt"/>
      <line num="187" count="0" type="stmt"/>
      <line num="192" count="1" type="cond" truecount="3" falsecount="1"/>
      <line num="193" count="0" type="stmt"/>
      <line num="194" count="0" type="stmt"/>
      <line num="195" count="0" type="stmt"/>
      <line num="196" count="0" type="stmt"/>
    </file>
  </project>
</coverage>
