{"/Users/jay/LocalProjects/assa-core-ts/packages/core/src/hooks/mcpServer.ts": {"path":"/Users/jay/LocalProjects/assa-core-ts/packages/core/src/hooks/mcpServer.ts","statementMap":{"0":{"start":{"line":1,"column":0},"end":{"line":1,"column":67}},"1":{"start":{"line":2,"column":0},"end":{"line":2,"column":81}},"2":{"start":{"line":3,"column":0},"end":{"line":3,"column":null}},"3":{"start":{"line":7,"column":0},"end":{"line":7,"column":41}},"4":{"start":{"line":9,"column":0},"end":{"line":9,"column":24}},"5":{"start":{"line":20,"column":4},"end":{"line":30,"column":6}},"6":{"start":{"line":32,"column":4},"end":{"line":32,"column":58}},"7":{"start":{"line":33,"column":4},"end":{"line":33,"column":25}},"8":{"start":{"line":37,"column":4},"end":{"line":109,"column":8}},"9":{"start":{"line":37,"column":71},"end":{"line":109,"column":6}},"10":{"start":{"line":111,"column":4},"end":{"line":181,"column":7}},"11":{"start":{"line":112,"column":40},"end":{"line":112,"column":54}},"12":{"start":{"line":114,"column":6},"end":{"line":180,"column":7}},"13":{"start":{"line":115,"column":8},"end":{"line":174,"column":9}},"14":{"start":{"line":117,"column":25},"end":{"line":117,"column":43}},"15":{"start":{"line":118,"column":28},"end":{"line":118,"column":55}},"16":{"start":{"line":119,"column":26},"end":{"line":119,"column":65}},"17":{"start":{"line":120,"column":25},"end":{"line":120,"column":67}},"18":{"start":{"line":121,"column":30},"end":{"line":121,"column":67}},"19":{"start":{"line":123,"column":27},"end":{"line":128,"column":14}},"20":{"start":{"line":130,"column":12},"end":{"line":137,"column":14}},"21":{"start":{"line":141,"column":33},"end":{"line":141,"column":83}},"22":{"start":{"line":142,"column":27},"end":{"line":142,"column":74}},"23":{"start":{"line":143,"column":12},"end":{"line":145,"column":14}},"24":{"start":{"line":149,"column":26},"end":{"line":149,"column":54}},"25":{"start":{"line":151,"column":14},"end":{"line":153,"column":76}},"26":{"start":{"line":154,"column":12},"end":{"line":156,"column":14}},"27":{"start":{"line":160,"column":32},"end":{"line":160,"column":68}},"28":{"start":{"line":161,"column":12},"end":{"line":161,"column":57}},"29":{"start":{"line":162,"column":12},"end":{"line":169,"column":14}},"30":{"start":{"line":173,"column":12},"end":{"line":173,"column":55}},"31":{"start":{"line":176,"column":8},"end":{"line":179,"column":10}},"32":{"start":{"line":185,"column":22},"end":{"line":185,"column":48}},"33":{"start":{"line":186,"column":4},"end":{"line":186,"column":41}},"34":{"start":{"line":187,"column":4},"end":{"line":187,"column":54}},"35":{"start":{"line":15,"column":0},"end":{"line":15,"column":13}},"36":{"start":{"line":192,"column":0},"end":{"line":198,"column":1}},"37":{"start":{"line":193,"column":17},"end":{"line":193,"column":36}},"38":{"start":{"line":194,"column":2},"end":{"line":197,"column":5}},"39":{"start":{"line":195,"column":4},"end":{"line":195,"column":56}},"40":{"start":{"line":196,"column":4},"end":{"line":196,"column":20}}},"fnMap":{"0":{"name":"(anonymous_1)","decl":{"start":{"line":19,"column":2},"end":{"line":19,"column":null}},"loc":{"start":{"line":19,"column":2},"end":{"line":34,"column":3}}},"1":{"name":"(anonymous_2)","decl":{"start":{"line":36,"column":10},"end":{"line":36,"column":23}},"loc":{"start":{"line":36,"column":23},"end":{"line":182,"column":3}}},"2":{"name":"(anonymous_3)","decl":{"start":{"line":37,"column":58},"end":{"line":37,"column":63}},"loc":{"start":{"line":37,"column":71},"end":{"line":109,"column":6}}},"3":{"name":"(anonymous_4)","decl":{"start":{"line":111,"column":57},"end":{"line":111,"column":62}},"loc":{"start":{"line":111,"column":75},"end":{"line":181,"column":5}}},"4":{"name":"(anonymous_5)","decl":{"start":{"line":184,"column":9},"end":{"line":184,"column":14}},"loc":{"start":{"line":184,"column":18},"end":{"line":188,"column":3}}},"5":{"name":"(anonymous_6)","decl":{"start":{"line":194,"column":21},"end":{"line":194,"column":22}},"loc":{"start":{"line":194,"column":31},"end":{"line":197,"column":3}}}},"branchMap":{"0":{"loc":{"start":{"line":115,"column":8},"end":{"line":174,"column":9}},"type":"switch","locations":[{"start":{"line":116,"column":10},"end":{"line":138,"column":11}},{"start":{"line":140,"column":10},"end":{"line":146,"column":11}},{"start":{"line":148,"column":10},"end":{"line":157,"column":11}},{"start":{"line":159,"column":10},"end":{"line":170,"column":11}},{"start":{"line":172,"column":10},"end":{"line":173,"column":55}}]},"1":{"loc":{"start":{"line":118,"column":35},"end":{"line":118,"column":54}},"type":"binary-expr","locations":[{"start":{"line":118,"column":35},"end":{"line":118,"column":48}},{"start":{"line":118,"column":52},"end":{"line":118,"column":54}}]},"2":{"loc":{"start":{"line":119,"column":26},"end":{"line":119,"column":65}},"type":"binary-expr","locations":[{"start":{"line":119,"column":26},"end":{"line":119,"column":51}},{"start":{"line":119,"column":55},"end":{"line":119,"column":65}}]},"3":{"loc":{"start":{"line":120,"column":25},"end":{"line":120,"column":67}},"type":"cond-expr","locations":[{"start":{"line":120,"column":53},"end":{"line":120,"column":62}},{"start":{"line":120,"column":65},"end":{"line":120,"column":67}}]},"4":{"loc":{"start":{"line":121,"column":37},"end":{"line":121,"column":66}},"type":"binary-expr","locations":[{"start":{"line":121,"column":37},"end":{"line":121,"column":53}},{"start":{"line":121,"column":57},"end":{"line":121,"column":66}}]},"5":{"loc":{"start":{"line":149,"column":33},"end":{"line":149,"column":53}},"type":"binary-expr","locations":[{"start":{"line":149,"column":33},"end":{"line":149,"column":44}},{"start":{"line":149,"column":48},"end":{"line":149,"column":53}}]},"6":{"loc":{"start":{"line":160,"column":32},"end":{"line":160,"column":68}},"type":"binary-expr","locations":[{"start":{"line":160,"column":32},"end":{"line":160,"column":62}},{"start":{"line":160,"column":66},"end":{"line":160,"column":68}}]},"7":{"loc":{"start":{"line":192,"column":0},"end":{"line":198,"column":1}},"type":"if","locations":[{"start":{"line":192,"column":0},"end":{"line":198,"column":1}},{"start":{},"end":{}}]},"8":{"loc":{"start":{"line":192,"column":4},"end":{"line":192,"column":61}},"type":"binary-expr","locations":[{"start":{"line":192,"column":4},"end":{"line":192,"column":34}},{"start":{"line":192,"column":38},"end":{"line":192,"column":61}}]}},"s":{"0":1,"1":1,"2":1,"3":1,"4":1,"5":6,"6":6,"7":6,"8":6,"9":0,"10":6,"11":5,"12":5,"13":5,"14":1,"15":1,"16":1,"17":1,"18":1,"19":1,"20":1,"21":1,"22":1,"23":1,"24":1,"25":1,"26":1,"27":1,"28":1,"29":1,"30":1,"31":1,"32":0,"33":0,"34":0,"35":1,"36":1,"37":0,"38":0,"39":0,"40":0},"f":{"0":6,"1":6,"2":0,"3":5,"4":0,"5":0},"b":{"0":[1,1,1,1,1],"1":[1,1],"2":[1,1],"3":[0,1],"4":[1,0],"5":[1,0],"6":[1,0],"7":[0,1],"8":[1,1]}}
}
