TN:
SF:packages/core/src/hooks/mcpServer.ts
FN:19,(anonymous_1)
FN:36,(anonymous_2)
FN:37,(anonymous_3)
FN:111,(anonymous_4)
FN:184,(anonymous_5)
FN:194,(anonymous_6)
FNF:6
FNH:3
FNDA:6,(anonymous_1)
FNDA:6,(anonymous_2)
FNDA:0,(anonymous_3)
FNDA:5,(anonymous_4)
FNDA:0,(anonymous_5)
FNDA:0,(anonymous_6)
DA:1,1
DA:2,1
DA:3,1
DA:7,1
DA:9,1
DA:15,1
DA:20,6
DA:32,6
DA:33,6
DA:37,6
DA:111,6
DA:112,5
DA:114,5
DA:115,5
DA:117,1
DA:118,1
DA:119,1
DA:120,1
DA:121,1
DA:123,1
DA:130,1
DA:141,1
DA:142,1
DA:143,1
DA:149,1
DA:151,1
DA:154,1
DA:160,1
DA:161,1
DA:162,1
DA:173,1
DA:176,1
DA:185,0
DA:186,0
DA:187,0
DA:192,1
DA:193,0
DA:194,0
DA:195,0
DA:196,0
LF:40
LH:33
BRDA:115,0,0,1
BRDA:115,0,1,1
BRDA:115,0,2,1
BRDA:115,0,3,1
BRDA:115,0,4,1
BRDA:118,1,0,1
BRDA:118,1,1,1
BRDA:119,2,0,1
BRDA:119,2,1,1
BRDA:120,3,0,0
BRDA:120,3,1,1
BRDA:121,4,0,1
BRDA:121,4,1,0
BRDA:149,5,0,1
BRDA:149,5,1,0
BRDA:160,6,0,1
BRDA:160,6,1,0
BRDA:192,7,0,0
BRDA:192,7,1,1
BRDA:192,8,0,1
BRDA:192,8,1,1
BRF:21
BRH:16
end_of_record
