TN:
SF:packages/core/src/hooks/afterToolHook.ts
FN:8,(anonymous_0)
FN:15,(anonymous_1)
FN:17,(anonymous_2)
FN:39,(anonymous_3)
FNF:4
FNH:4
FNDA:3,(anonymous_0)
FNDA:2,(anonymous_1)
FNDA:7,(anonymous_2)
FNDA:1,(anonymous_3)
DA:2,1
DA:8,1
DA:9,3
DA:10,3
DA:13,3
DA:14,2
DA:15,2
DA:17,7
DA:18,1
DA:32,3
DA:33,1
DA:39,1
LF:12
LH:12
BRDA:13,0,0,2
BRDA:13,0,1,1
BRDA:15,1,0,2
BRDA:15,1,1,0
BRDA:17,2,0,1
BRDA:17,2,1,1
BRDA:32,3,0,1
BRDA:32,3,1,2
BRDA:39,4,0,1
BRDA:39,4,1,0
BRF:10
BRH:8
end_of_record
TN:
SF:packages/core/src/hooks/beforeAgentHook.ts
FN:30,ensureL3Setup
FN:39,(anonymous_2)
FN:48,ensureLocalSetup
FN:54,(anonymous_4)
FN:67,extractAllText
FN:72,(anonymous_6)
FN:76,(anonymous_7)
FN:79,(anonymous_8)
FN:101,isToolFailure
FN:107,(anonymous_10)
FN:116,isToolSuccess
FN:122,(anonymous_12)
FN:131,recognizeReflex
FN:134,(anonymous_14)
FN:136,(anonymous_15)
FN:139,(anonymous_16)
FN:149,(anonymous_17)
FN:173,cascadeRewound
FN:177,(anonymous_19)
FN:199,safeReadFile
FN:204,main
FN:240,(anonymous_22)
FN:252,(anonymous_23)
FN:274,(anonymous_24)
FN:275,(anonymous_25)
FNF:25
FNH:24
FNDA:1,ensureL3Setup
FNDA:3,(anonymous_2)
FNDA:8,ensureLocalSetup
FNDA:32,(anonymous_4)
FNDA:15,extractAllText
FNDA:0,(anonymous_6)
FNDA:13,(anonymous_7)
FNDA:1,(anonymous_8)
FNDA:5,isToolFailure
FNDA:5,(anonymous_10)
FNDA:2,isToolSuccess
FNDA:2,(anonymous_12)
FNDA:8,recognizeReflex
FNDA:11,(anonymous_14)
FNDA:7,(anonymous_15)
FNDA:5,(anonymous_16)
FNDA:7,(anonymous_17)
FNDA:8,cascadeRewound
FNDA:7,(anonymous_19)
FNDA:41,safeReadFile
FNDA:9,main
FNDA:8,(anonymous_22)
FNDA:1,(anonymous_23)
FNDA:50,(anonymous_24)
FNDA:183,(anonymous_25)
DA:1,1
DA:2,1
DA:3,1
DA:4,1
DA:5,1
DA:13,1
DA:31,1
DA:32,1
DA:33,1
DA:35,1
DA:36,0
DA:39,1
DA:40,3
DA:41,3
DA:42,3
DA:43,0
DA:49,8
DA:50,8
DA:51,0
DA:53,8
DA:55,32
DA:56,32
DA:57,0
DA:68,15
DA:69,15
DA:70,2
DA:71,13
DA:72,0
DA:75,15
DA:76,13
DA:77,13
DA:78,13
DA:79,1
DA:80,1
DA:81,1
DA:82,1
DA:84,0
DA:87,12
DA:88,12
DA:90,0
DA:93,13
DA:94,0
DA:98,15
DA:102,5
DA:103,5
DA:104,5
DA:106,5
DA:107,5
DA:108,5
DA:109,0
DA:110,0
DA:113,0
DA:117,2
DA:118,2
DA:119,2
DA:121,2
DA:122,2
DA:123,2
DA:124,1
DA:125,1
DA:128,0
DA:132,8
DA:134,11
DA:135,8
DA:136,8
DA:137,7
DA:138,1
DA:139,5
DA:141,6
DA:144,8
DA:145,1
DA:149,8
DA:150,8
DA:151,2
DA:152,2
DA:153,2
DA:156,2
DA:160,2
DA:161,1
DA:162,1
DA:165,1
DA:170,8
DA:174,8
DA:176,8
DA:177,8
DA:178,7
DA:179,7
DA:182,8
DA:183,8
DA:184,1
DA:185,0
DA:187,0
DA:188,0
DA:189,0
DA:190,0
DA:191,0
DA:192,0
DA:196,8
DA:200,41
DA:201,0
DA:204,1
DA:205,9
DA:206,9
DA:207,9
DA:208,0
DA:209,0
DA:212,9
DA:213,9
DA:214,9
DA:215,9
DA:216,9
DA:217,9
DA:219,9
DA:220,9
DA:221,4
DA:222,4
DA:223,4
DA:224,4
DA:229,9
DA:230,1
DA:231,1
DA:234,8
DA:235,1
DA:237,8
DA:239,8
DA:240,8
DA:241,8
DA:244,8
DA:245,8
DA:246,8
DA:248,8
DA:249,8
DA:250,1
DA:252,1
DA:256,8
DA:257,8
DA:258,8
DA:259,8
DA:261,8
DA:262,8
DA:263,8
DA:264,8
DA:267,8
DA:268,8
DA:269,8
DA:270,8
DA:271,8
DA:272,8
DA:273,8
DA:274,8
DA:275,183
DA:276,1
DA:284,8
DA:285,8
DA:286,0
DA:287,0
DA:288,0
DA:289,8
DA:290,1
DA:291,1
DA:294,8
DA:295,3
DA:299,8
DA:300,1
DA:305,8
DA:311,0
DA:315,1
DA:316,0
LF:168
LH:141
BRDA:35,0,0,0
BRDA:35,0,1,1
BRDA:42,1,0,0
BRDA:42,1,1,3
BRDA:42,2,0,3
BRDA:42,2,1,1
BRDA:50,3,0,0
BRDA:50,3,1,8
BRDA:56,4,0,0
BRDA:56,4,1,32
BRDA:69,5,0,2
BRDA:69,5,1,13
BRDA:71,6,0,0
BRDA:71,6,1,13
BRDA:72,7,0,0
BRDA:72,7,1,0
BRDA:75,8,0,13
BRDA:75,8,1,2
BRDA:77,9,0,13
BRDA:77,9,1,0
BRDA:78,10,0,1
BRDA:78,10,1,12
BRDA:80,11,0,1
BRDA:80,11,1,0
BRDA:80,12,0,1
BRDA:80,12,1,1
BRDA:82,13,0,0
BRDA:82,13,1,1
BRDA:82,14,0,1
BRDA:82,14,1,0
BRDA:87,15,0,12
BRDA:87,15,1,0
BRDA:93,16,0,0
BRDA:93,16,1,13
BRDA:103,17,0,0
BRDA:103,17,1,5
BRDA:104,18,0,0
BRDA:104,18,1,5
BRDA:106,19,0,5
BRDA:106,19,1,0
BRDA:108,20,0,5
BRDA:108,20,1,0
BRDA:109,21,0,0
BRDA:109,21,1,0
BRDA:110,22,0,0
BRDA:110,22,1,0
BRDA:118,23,0,0
BRDA:118,23,1,2
BRDA:119,24,0,0
BRDA:119,24,1,2
BRDA:121,25,0,2
BRDA:121,25,1,0
BRDA:123,26,0,1
BRDA:123,26,1,1
BRDA:124,27,0,1
BRDA:124,27,1,0
BRDA:125,28,0,1
BRDA:125,28,1,1
BRDA:134,29,0,8
BRDA:134,29,1,1
BRDA:137,30,0,1
BRDA:137,30,1,6
BRDA:144,31,0,1
BRDA:144,31,1,7
BRDA:144,32,0,8
BRDA:144,32,1,8
BRDA:149,33,0,7
BRDA:149,33,1,6
BRDA:150,34,0,2
BRDA:150,34,1,6
BRDA:152,35,0,2
BRDA:152,35,1,0
BRDA:152,36,0,2
BRDA:152,36,1,2
BRDA:161,37,0,1
BRDA:161,37,1,0
BRDA:161,38,0,1
BRDA:161,38,1,1
BRDA:161,38,2,1
BRDA:174,39,0,0
BRDA:174,39,1,8
BRDA:178,40,0,7
BRDA:178,40,1,7
BRDA:184,41,0,0
BRDA:184,41,1,1
BRDA:187,42,0,0
BRDA:187,42,1,0
BRDA:187,43,0,0
BRDA:187,43,1,0
BRDA:187,43,2,0
BRDA:190,44,0,0
BRDA:190,44,1,0
BRDA:190,45,0,0
BRDA:190,45,1,0
BRDA:200,46,0,41
BRDA:200,46,1,0
BRDA:207,47,0,0
BRDA:207,47,1,9
BRDA:213,48,0,9
BRDA:213,48,1,0
BRDA:214,49,0,9
BRDA:214,49,1,0
BRDA:214,49,2,0
BRDA:215,50,0,9
BRDA:215,50,1,8
BRDA:216,51,0,9
BRDA:216,51,1,9
BRDA:217,52,0,9
BRDA:217,52,1,8
BRDA:220,53,0,4
BRDA:220,53,1,5
BRDA:220,54,0,9
BRDA:220,54,1,4
BRDA:224,55,0,4
BRDA:224,55,1,0
BRDA:224,56,0,0
BRDA:224,56,1,0
BRDA:229,57,0,1
BRDA:229,57,1,8
BRDA:229,58,0,9
BRDA:229,58,1,8
BRDA:234,59,0,1
BRDA:234,59,1,7
BRDA:249,60,0,1
BRDA:249,60,1,7
BRDA:253,61,0,1
BRDA:253,61,1,0
BRDA:269,62,0,8
BRDA:269,62,1,0
BRDA:273,63,0,8
BRDA:273,63,1,0
BRDA:273,64,0,8
BRDA:273,64,1,8
BRDA:275,65,0,1
BRDA:275,65,1,49
BRDA:285,66,0,0
BRDA:285,66,1,8
BRDA:289,67,0,1
BRDA:289,67,1,7
BRDA:294,68,0,3
BRDA:294,68,1,5
BRDA:299,69,0,1
BRDA:299,69,1,7
BRDA:315,70,0,0
BRDA:315,70,1,1
BRDA:315,71,0,1
BRDA:315,71,1,1
BRF:147
BRH:96
end_of_record
TN:
SF:packages/core/src/hooks/healthCheck.ts
FN:15,checkSystemHealth
FNF:1
FNH:1
FNDA:12,checkSystemHealth
DA:1,2
DA:2,2
DA:3,2
DA:15,2
DA:19,12
DA:30,12
DA:32,12
DA:33,10
DA:34,10
DA:35,10
DA:36,10
DA:37,2
DA:38,2
DA:41,2
DA:45,0
DA:48,2
DA:52,12
DA:53,12
DA:54,12
DA:55,2
DA:56,2
DA:61,12
DA:62,12
DA:63,12
DA:64,0
DA:65,0
DA:69,12
DA:70,12
DA:71,9
DA:72,9
DA:73,9
DA:74,9
DA:77,1
DA:78,1
DA:79,1
DA:84,12
DA:85,12
DA:86,1
DA:87,1
DA:88,1
DA:89,1
DA:90,0
DA:91,0
DA:96,0
DA:100,12
LF:45
LH:39
BRDA:16,0,0,0
BRDA:17,1,0,0
BRDA:30,2,0,12
BRDA:30,2,1,8
BRDA:32,3,0,10
BRDA:32,3,1,2
BRDA:36,4,0,2
BRDA:36,4,1,8
BRDA:52,5,0,12
BRDA:52,5,1,11
BRDA:54,6,0,2
BRDA:54,6,1,10
BRDA:61,7,0,12
BRDA:61,7,1,11
BRDA:63,8,0,0
BRDA:63,8,1,12
BRDA:70,9,0,9
BRDA:70,9,1,3
BRDA:73,10,0,9
BRDA:73,10,1,0
BRDA:85,11,0,1
BRDA:85,11,1,11
BRDA:88,12,0,1
BRDA:88,12,1,0
BRDA:89,13,0,0
BRDA:89,13,1,1
BRF:26
BRH:20
end_of_record
TN:
SF:packages/core/src/hooks/ledger.ts
FN:9,(anonymous_1)
FN:14,(anonymous_2)
FN:24,(anonymous_3)
FN:63,(anonymous_4)
FN:76,(anonymous_5)
FN:81,(anonymous_6)
FN:84,(anonymous_7)
FN:98,(anonymous_8)
FN:99,(anonymous_9)
FN:102,(anonymous_10)
FN:103,(anonymous_11)
FN:105,(anonymous_12)
FN:117,(anonymous_13)
FN:120,(anonymous_14)
FN:127,(anonymous_15)
FN:128,(anonymous_16)
FN:130,(anonymous_17)
FN:141,(anonymous_18)
FN:152,(anonymous_19)
FNF:19
FNH:19
FNDA:12,(anonymous_1)
FNDA:27,(anonymous_2)
FNDA:14,(anonymous_3)
FNDA:24,(anonymous_4)
FNDA:13,(anonymous_5)
FNDA:4,(anonymous_6)
FNDA:3,(anonymous_7)
FNDA:11,(anonymous_8)
FNDA:4,(anonymous_9)
FNDA:1,(anonymous_10)
FNDA:1,(anonymous_11)
FNDA:1,(anonymous_12)
FNDA:8,(anonymous_13)
FNDA:8,(anonymous_14)
FNDA:1,(anonymous_15)
FNDA:1,(anonymous_16)
FNDA:1,(anonymous_17)
FNDA:1,(anonymous_18)
FNDA:1,(anonymous_19)
DA:1,4
DA:2,4
DA:5,4
DA:10,12
DA:11,12
DA:15,27
DA:16,27
DA:17,0
DA:25,14
DA:26,14
DA:27,14
DA:29,14
DA:30,63
DA:31,63
DA:32,13
DA:33,13
DA:35,50
DA:37,50
DA:38,50
DA:39,50
DA:42,50
DA:44,0
DA:48,14
DA:49,1
DA:52,13
DA:53,13
DA:55,13
DA:56,13
DA:64,24
DA:65,3
DA:67,21
DA:68,21
DA:69,21
DA:71,0
DA:72,0
DA:77,13
DA:78,13
DA:84,4
DA:85,3
DA:86,3
DA:92,3
DA:93,3
DA:94,3
DA:99,11
DA:103,1
DA:104,1
DA:105,1
DA:106,1
DA:107,1
DA:110,1
DA:120,8
DA:121,8
DA:122,8
DA:123,8
DA:128,1
DA:129,1
DA:130,1
DA:132,1
DA:133,0
DA:136,1
DA:137,1
DA:138,0
DA:141,1
DA:143,1
DA:144,1
DA:147,1
DA:149,1
DA:152,1
DA:153,1
DA:155,1
DA:157,1
LF:71
LH:65
BRDA:16,0,0,0
BRDA:16,0,1,27
BRDA:35,1,0,50
BRDA:35,1,1,0
BRDA:48,2,0,1
BRDA:48,2,1,13
BRDA:64,3,0,3
BRDA:64,3,1,21
BRDA:69,4,0,21
BRDA:69,4,1,0
BRDA:106,5,0,1
BRDA:106,5,1,0
BRDA:132,6,0,0
BRDA:132,6,1,1
BRDA:137,7,0,0
BRDA:137,7,1,1
BRDA:143,8,0,1
BRDA:143,8,1,0
BRF:18
BRH:11
end_of_record
TN:
SF:packages/core/src/hooks/mcpServer.ts
FN:19,(anonymous_1)
FN:36,(anonymous_2)
FN:37,(anonymous_3)
FN:111,(anonymous_4)
FN:184,(anonymous_5)
FN:194,(anonymous_6)
FNF:6
FNH:3
FNDA:6,(anonymous_1)
FNDA:6,(anonymous_2)
FNDA:0,(anonymous_3)
FNDA:5,(anonymous_4)
FNDA:0,(anonymous_5)
FNDA:0,(anonymous_6)
DA:1,1
DA:2,1
DA:3,1
DA:7,1
DA:9,1
DA:15,1
DA:20,6
DA:32,6
DA:33,6
DA:37,6
DA:111,6
DA:112,5
DA:114,5
DA:115,5
DA:117,1
DA:118,1
DA:119,1
DA:120,1
DA:121,1
DA:123,1
DA:130,1
DA:141,1
DA:142,1
DA:143,1
DA:149,1
DA:151,1
DA:154,1
DA:160,1
DA:161,1
DA:162,1
DA:173,1
DA:176,1
DA:185,0
DA:186,0
DA:187,0
DA:192,1
DA:193,0
DA:194,0
DA:195,0
DA:196,0
LF:40
LH:33
BRDA:115,0,0,1
BRDA:115,0,1,1
BRDA:115,0,2,1
BRDA:115,0,3,1
BRDA:115,0,4,1
BRDA:118,1,0,1
BRDA:118,1,1,1
BRDA:119,2,0,1
BRDA:119,2,1,1
BRDA:120,3,0,0
BRDA:120,3,1,1
BRDA:121,4,0,1
BRDA:121,4,1,0
BRDA:149,5,0,1
BRDA:149,5,1,0
BRDA:160,6,0,1
BRDA:160,6,1,0
BRDA:192,7,0,0
BRDA:192,7,1,1
BRDA:192,8,0,1
BRDA:192,8,1,1
BRF:21
BRH:16
end_of_record
